#
# There is insufficient memory for the Java Runtime Environment to continue.
# Native memory allocation (mmap) failed to map 257949696 bytes for G1 virtual space
# Possible reasons:
#   The system is out of physical RAM or swap space
#   The process is running with CompressedOops enabled, and the Java Heap may be blocking the growth of the native heap
# Possible solutions:
#   Reduce memory load on the system
#   Increase physical memory or swap space
#   Check if swap backing store is full
#   Decrease Java heap size (-Xmx/-Xms)
#   Decrease number of Java threads
#   Decrease Java thread stack sizes (-Xss)
#   Set larger code cache with -XX:ReservedCodeCacheSize=
#   JVM is running with Zero Based Compressed Oops mode in which the Java heap is
#     placed in the first 32GB address space. The Java Heap base address is the
#     maximum limit for the native heap growth. Please use -XX:HeapBaseMinAddress
#     to set the Java Heap base and to place the Java Heap above 32GB virtual address.
# This output file may be truncated or incomplete.
#
#  Out of Memory Error (os_windows.cpp:3825), pid=14664, tid=8848
#
# JRE version:  (17.0.10) (build )
# Java VM: OpenJDK 64-Bit Server VM (17.0.10+0--11446219, mixed mode, sharing, tiered, compressed oops, compressed class ptrs, g1 gc, windows-amd64)
# No core dump will be written. Minidumps are not enabled by default on client versions of Windows
#

---------------  S U M M A R Y ------------

Command Line: git4idea.http.GitAskPassApp Username for 'https://github.com': 

Host: AMD Ryzen 5 5500U with Radeon Graphics         , 12 cores, 15G,  Windows 10 , 64 bit Build 19041 (10.0.19041.3636)
Time: Sun Mar  3 11:16:16 2024 RTZ 4 (s 10 , 64 bit Build 19041 (10.0.19041.3636) elapsed time: 0.020866 seconds (0d 0h 0m 0s)

---------------  T H R E A D  ---------------

Current thread (0x000001dbe57bfa90):  JavaThread "Unknown thread" [_thread_in_vm, id=8848, stack(0x0000007f8e000000,0x0000007f8e100000)]

Stack: [0x0000007f8e000000,0x0000007f8e100000]
Native frames: (J=compiled Java code, j=interpreted, Vv=VM code, C=native code)
V  [jvm.dll+0x688e89]
V  [jvm.dll+0x84247a]
V  [jvm.dll+0x8440be]
V  [jvm.dll+0x844723]
V  [jvm.dll+0x24be0f]
V  [jvm.dll+0x685c59]
V  [jvm.dll+0x67a50a]
V  [jvm.dll+0x30cbab]
V  [jvm.dll+0x314056]
V  [jvm.dll+0x363dce]
V  [jvm.dll+0x363fff]
V  [jvm.dll+0x2e2978]
V  [jvm.dll+0x2e38e4]
V  [jvm.dll+0x813011]
V  [jvm.dll+0x371c81]
V  [jvm.dll+0x7f1b66]
V  [jvm.dll+0x3f58df]
V  [jvm.dll+0x3f7511]
C  [jli.dll+0x528f]
C  [ucrtbase.dll+0x21bb2]
C  [KERNEL32.DLL+0x17344]
C  [ntdll.dll+0x526b1]


---------------  P R O C E S S  ---------------

Threads class SMR info:
_java_thread_list=0x00007ff95e91ef58, length=0, elements={
}

Java Threads: ( => current thread )

Other Threads:
  0x000001dbe5829960 GCTaskThread "GC Thread#0" [stack: 0x0000007f8e100000,0x0000007f8e200000] [id=5312]
  0x000001dbe5839e70 ConcurrentGCThread "G1 Main Marker" [stack: 0x0000007f8e200000,0x0000007f8e300000] [id=17028]
  0x000001dbe583b8a0 ConcurrentGCThread "G1 Conc#0" [stack: 0x0000007f8e300000,0x0000007f8e400000] [id=4596]

[error occurred during error reporting (printing all threads), id 0xc0000005, EXCEPTION_ACCESS_VIOLATION (0xc0000005) at pc=0x00007ff95e0d3547]

VM state: not at safepoint (not fully initialized)

VM Mutex/Monitor currently owned by a thread:  ([mutex/lock_event])
[0x000001dbe57ba080] Heap_lock - owner thread: 0x000001dbe57bfa90

Heap address: 0x000000070a400000, size: 3932 MB, Compressed Oops mode: Zero based, Oop shift amount: 3

CDS archive(s) mapped at: [0x0000000000000000-0x0000000000000000-0x0000000000000000), size 0, SharedBaseAddress: 0x0000000800000000, ArchiveRelocationMode: 1.
Narrow klass base: 0x0000000000000000, Narrow klass shift: 0, Narrow klass range: 0x0

GC Precious Log:
<Empty>

Heap:
 garbage-first heap   total 0K, used 0K [0x000000070a400000, 0x0000000800000000)
  region size 2048K, 0 young (0K), 0 survivors (0K)
 Metaspace       used 0K, committed 0K, reserved 0K
  class space    used 0K, committed 0K, reserved 0K

Heap Regions: E=young(eden), S=young(survivor), O=old, HS=humongous(starts), HC=humongous(continues), CS=collection set, F=free, OA=open archive, CA=closed archive, TAMS=top-at-mark-start (previous, next)

Card table byte_map: [0x000001dbfa8b0000,0x000001dbfb060000] _byte_map_base: 0x000001dbf705e000

Marking Bits (Prev, Next): (CMBitMap*) 0x000001dbe5829f80, (CMBitMap*) 0x000001dbe5829fc0
 Prev Bits: [0x000001dbfb810000, 0x000001dbff580000)
 Next Bits: [0x000001db80000000, 0x000001db83d70000)

GC Heap History (0 events):
No events

Dll operation events (1 events):
Event: 0.012 Loaded shared library C:\Users\sserp\AppData\Local\Programs\Android Studio 2\jbr\bin\java.dll

Deoptimization events (0 events):
No events

Classes unloaded (0 events):
No events

Classes redefined (0 events):
No events

Internal exceptions (0 events):
No events

VM Operations (0 events):
No events

Events (0 events):
No events


Dynamic libraries:
0x00007ff6bb4c0000 - 0x00007ff6bb4ca000 	C:\Users\sserp\AppData\Local\Programs\Android Studio 2\jbr\bin\java.exe
0x00007ff9b94d0000 - 0x00007ff9b96c8000 	C:\Windows\SYSTEM32\ntdll.dll
0x00007ff9b8920000 - 0x00007ff9b89dd000 	C:\Windows\System32\KERNEL32.DLL
0x00007ff9b6d70000 - 0x00007ff9b7066000 	C:\Windows\System32\KERNELBASE.dll
0x00007ff9b73e0000 - 0x00007ff9b74e0000 	C:\Windows\System32\ucrtbase.dll
0x00007ff9a08f0000 - 0x00007ff9a090b000 	C:\Users\sserp\AppData\Local\Programs\Android Studio 2\jbr\bin\VCRUNTIME140.dll
0x00007ff99ee50000 - 0x00007ff99ee67000 	C:\Users\sserp\AppData\Local\Programs\Android Studio 2\jbr\bin\jli.dll
0x00007ff9b7c20000 - 0x00007ff9b7dbe000 	C:\Windows\System32\USER32.dll
0x00007ff9b7240000 - 0x00007ff9b7262000 	C:\Windows\System32\win32u.dll
0x00007ff9b93d0000 - 0x00007ff9b93fb000 	C:\Windows\System32\GDI32.dll
0x00007ff9b72c0000 - 0x00007ff9b73d7000 	C:\Windows\System32\gdi32full.dll
0x00007ff9b7070000 - 0x00007ff9b710d000 	C:\Windows\System32\msvcp_win.dll
0x00007ff99e990000 - 0x00007ff99ec2a000 	C:\Windows\WinSxS\amd64_microsoft.windows.common-controls_6595b64144ccf1df_6.0.19041.3636_none_60b6a03d71f818d5\COMCTL32.dll
0x00007ff9b79b0000 - 0x00007ff9b7a4e000 	C:\Windows\System32\msvcrt.dll
0x00007ff9b7970000 - 0x00007ff9b79a2000 	C:\Windows\System32\IMM32.DLL
0x00007ff9afa30000 - 0x00007ff9afa3c000 	C:\Users\sserp\AppData\Local\Programs\Android Studio 2\jbr\bin\vcruntime140_1.dll
0x00007ff976a90000 - 0x00007ff976b1d000 	C:\Users\sserp\AppData\Local\Programs\Android Studio 2\jbr\bin\msvcp140.dll
0x00007ff95dde0000 - 0x00007ff95ea63000 	C:\Users\sserp\AppData\Local\Programs\Android Studio 2\jbr\bin\server\jvm.dll
0x00007ff9b8550000 - 0x00007ff9b8603000 	C:\Windows\System32\ADVAPI32.dll
0x00007ff9b9130000 - 0x00007ff9b91cf000 	C:\Windows\System32\sechost.dll
0x00007ff9b8120000 - 0x00007ff9b8246000 	C:\Windows\System32\RPCRT4.dll
0x00007ff9b7210000 - 0x00007ff9b7237000 	C:\Windows\System32\bcrypt.dll
0x00007ff9a5850000 - 0x00007ff9a5877000 	C:\Windows\SYSTEM32\WINMM.dll
0x00007ff9aff40000 - 0x00007ff9aff4a000 	C:\Windows\SYSTEM32\VERSION.dll
0x00007ff9b69c0000 - 0x00007ff9b6a0b000 	C:\Windows\SYSTEM32\POWRPROF.dll
0x00007ff9b1e40000 - 0x00007ff9b1e49000 	C:\Windows\SYSTEM32\WSOCK32.dll
0x00007ff9b8850000 - 0x00007ff9b88bb000 	C:\Windows\System32\WS2_32.dll
0x00007ff9b69a0000 - 0x00007ff9b69b2000 	C:\Windows\SYSTEM32\UMPDC.dll
0x00007ff9b53f0000 - 0x00007ff9b5402000 	C:\Windows\SYSTEM32\kernel.appcore.dll
0x00007ff9af890000 - 0x00007ff9af89a000 	C:\Users\sserp\AppData\Local\Programs\Android Studio 2\jbr\bin\jimage.dll
0x00007ff9b41f0000 - 0x00007ff9b43d4000 	C:\Windows\SYSTEM32\DBGHELP.DLL
0x00007ff9aada0000 - 0x00007ff9aadd4000 	C:\Windows\SYSTEM32\dbgcore.DLL
0x00007ff9b7110000 - 0x00007ff9b7192000 	C:\Windows\System32\bcryptPrimitives.dll
0x00007ff9a01b0000 - 0x00007ff9a01d5000 	C:\Users\sserp\AppData\Local\Programs\Android Studio 2\jbr\bin\java.dll

dbghelp: loaded successfully - version: 4.0.5 - missing functions: none
symbol engine: initialized successfully - sym options: 0x614 - pdb path: .;C:\Users\sserp\AppData\Local\Programs\Android Studio 2\jbr\bin;C:\Windows\SYSTEM32;C:\Windows\WinSxS\amd64_microsoft.windows.common-controls_6595b64144ccf1df_6.0.19041.3636_none_60b6a03d71f818d5;C:\Users\sserp\AppData\Local\Programs\Android Studio 2\jbr\bin\server

VM Arguments:
java_command: git4idea.http.GitAskPassApp Username for 'https://github.com': 
java_class_path (initial): C:/Users/sserp/AppData/Local/Programs/Android Studio 2/plugins/vcs-git/lib/git4idea-rt.jar;C:/Users/sserp/AppData/Local/Programs/Android Studio 2/lib/externalProcess-rt.jar
Launcher Type: SUN_STANDARD

[Global flags]
     intx CICompilerCount                          = 4                                         {product} {ergonomic}
     uint ConcGCThreads                            = 3                                         {product} {ergonomic}
     uint G1ConcRefinementThreads                  = 10                                        {product} {ergonomic}
   size_t G1HeapRegionSize                         = 2097152                                   {product} {ergonomic}
    uintx GCDrainStackTargetSize                   = 64                                        {product} {ergonomic}
   size_t InitialHeapSize                          = 257949696                                 {product} {ergonomic}
   size_t MarkStackSize                            = 4194304                                   {product} {ergonomic}
   size_t MaxHeapSize                              = 4123000832                                {product} {ergonomic}
   size_t MinHeapDeltaBytes                        = 2097152                                   {product} {ergonomic}
   size_t MinHeapSize                              = 8388608                                   {product} {ergonomic}
    uintx NonNMethodCodeHeapSize                   = 5839372                                {pd product} {ergonomic}
    uintx NonProfiledCodeHeapSize                  = 122909434                              {pd product} {ergonomic}
    uintx ProfiledCodeHeapSize                     = 122909434                              {pd product} {ergonomic}
    uintx ReservedCodeCacheSize                    = 251658240                              {pd product} {ergonomic}
     bool SegmentedCodeCache                       = true                                      {product} {ergonomic}
   size_t SoftMaxHeapSize                          = 4123000832                             {manageable} {ergonomic}
     bool UseCompressedClassPointers               = true                           {product lp64_product} {ergonomic}
     bool UseCompressedOops                        = true                           {product lp64_product} {ergonomic}
     bool UseG1GC                                  = true                                      {product} {ergonomic}
     bool UseLargePagesIndividualAllocation        = false                                  {pd product} {ergonomic}

Logging:
Log output configuration:
 #0: stdout all=warning uptime,level,tags
 #1: stderr all=off uptime,level,tags

Environment Variables:
PATH=C:/Program Files/Git/mingw64/libexec/git-core;C:/Program Files/Git/mingw64/libexec/git-core;C:\Program Files\Git\mingw64\bin;C:\Program Files\Git\usr\bin;C:\Users\sserp\bin;C:\Windows\system32;C:\Windows;C:\Windows\System32\Wbem;C:\Windows\System32\WindowsPowerShell\v1.0\;C:\Windows\System32\OpenSSH\;C:\Program Files\Git\cmd;C:\Users\sserp\AppData\Local\Programs\Python\Python311\Scripts;C:\Program Files\Maven\apache-maven-3.9.6\bin;C:\Users\sserp\AppData\Local\Microsoft\WindowsApps;C:\ghcup\bin;C:\Users\sserp\AppData\Local\JetBrains\Toolbox\scripts;C:\Users\sserp\AppData\Roaming\TinyTeX\bin\windows
USERNAME=sserp
DISPLAY=:0.0
LC_ALL=en_US.UTF-8
TERM=xterm-256color
TMPDIR=C:\Users\sserp\AppData\Local\Temp
OS=Windows_NT
PROCESSOR_IDENTIFIER=AMD64 Family 23 Model 104 Stepping 1, AuthenticAMD
TMP=C:\Users\sserp\AppData\Local\Temp
TEMP=C:\Users\sserp\AppData\Local\Temp



Periodic native trim disabled

JNI global refs:
JNI global refs: 0, weak refs: 0

JNI global refs memory usage: 0, weak refs: 0

OOME stack traces (most recent first):
Classloader memory used:


---------------  S Y S T E M  ---------------

OS:
 Windows 10 , 64 bit Build 19041 (10.0.19041.3636)
OS uptime: 9 days 17:33 hours

CPU: total 12 (initial active 12) (12 cores per cpu, 2 threads per core) family 23 model 104 stepping 1 microcode 0x0, cx8, cmov, fxsr, ht, mmx, 3dnowpref, sse, sse2, sse3, ssse3, sse4a, sse4.1, sse4.2, popcnt, lzcnt, tsc, tscinvbit, avx, avx2, aes, clmul, bmi1, bmi2, adx, sha, fma, vzeroupper, clflush, clflushopt
Processor Information for all 12 processors :
  Max Mhz: 2100, Current Mhz: 1988, Mhz Limit: 2100

Memory: 4k page, system-wide physical 15722M (588M free)
TotalPageFile size 31082M (AvailPageFile size 21M)
current process WorkingSet (physical memory assigned to process): 10M, peak: 10M
current process commit charge ("private bytes"): 64M, peak: 310M

vm_info: OpenJDK 64-Bit Server VM (17.0.10+0--11446219) for windows-amd64 JRE (17.0.10+0--11446219), built on Feb 14 2024 02:02:36 by "androidbuild" with MS VC++ 16.10 / 16.11 (VS2019)

END.
